<?xml version="1.0" encoding="UTF-8"?>
<!-- Generated by org.testng.reporters.JUnitReportReporter -->
<testsuite hostname="Krupals-MacBook-Pro.local" failures="0" tests="1" name="com.amazon.FirstTest" time="0.000" errors="0" timestamp="07 Apr 2021 09:10:46 GMT" skipped="1">
  <testcase classname="com.amazon.FirstTest" name="Testbrowser" time="0.000">
    <skipped/>
  </testcase> <!-- Testbrowser -->
</testsuite> <!-- com.amazon.FirstTest -->
